> Task :app:preBuild UP-TO-DATE
> Task :app:preDebugBuild UP-TO-DATE
> Task :app:mergeDebugNativeDebugMetadata NO-SOURCE
> Task :app:dataBindingMergeDependencyArtifactsDebug UP-TO-DATE
> Task :app:generateDebugResValues UP-TO-DATE
> Task :app:generateDebugResources UP-TO-DATE
> Task :app:processDebugGoogleServices UP-TO-DATE
> Task :app:mergeDebugResources UP-TO-DATE
> Task :app:packageDebugResources UP-TO-DATE
> Task :app:parseDebugLocalResources UP-TO-DATE
> Task :app:dataBindingGenBaseClassesDebug UP-TO-DATE
> Task :app:checkDebugAarMetadata UP-TO-DATE
> Task :app:mapDebugSourceSetPaths UP-TO-DATE
> Task :app:createDebugCompatibleScreenManifests UP-TO-DATE
> Task :app:extractDeepLinksDebug UP-TO-DATE
> Task :app:processDebugMainManifest UP-TO-DATE
> Task :app:processDebugManifest UP-TO-DATE
> Task :app:processDebugManifestForPackage UP-TO-DATE
> Task :app:processDebugResources UP-TO-DATE
> Task :app:javaPreCompileDebug UP-TO-DATE
> Task :app:mergeDebugShaders UP-TO-DATE
> Task :app:compileDebugShaders NO-SOURCE
> Task :app:generateDebugAssets UP-TO-DATE
> Task :app:mergeDebugAssets UP-TO-DATE
> Task :app:compressDebugAssets UP-TO-DATE
> Task :app:checkDebugDuplicateClasses UP-TO-DATE
> Task :app:desugarDebugFileDependencies UP-TO-DATE
> Task :app:mergeExtDexDebug UP-TO-DATE
> Task :app:mergeLibDexDebug UP-TO-DATE
> Task :app:mergeDebugJniLibFolders UP-TO-DATE
> Task :app:mergeDebugNativeLibs NO-SOURCE
> Task :app:stripDebugDebugSymbols NO-SOURCE
> Task :app:validateSigningDebug UP-TO-DATE
> Task :app:writeDebugAppMetadata UP-TO-DATE
> Task :app:writeDebugSigningConfigVersions UP-TO-DATE
> Task :app:kaptGenerateStubsDebugKotlin
> Task :app:kaptDebugKotlin UP-TO-DATE

> Task :app:compileDebugKotlin
./gradlew : e: file:///C:/Users/aritr/AndroidStudioProjects/Chat_Final_App/app/
src/main/java/aritra/seal/new_chat/ui/adapter/StoryAdapter.kt:17:35 Unresolved 
reference: UserStory
At line:1 char:1
+ ./gradlew assembleDebug > output_cleanup.log 2>&1
+ ~~~~~~~~~~~~~~~~~~~~~~~~~~~~~~~~~~~~~~~~~~~~~~~~~
    + CategoryInfo          : NotSpecified: (e: file:///C:/U...ence: UserStory 
   :String) [], RemoteException
    + FullyQualifiedErrorId : NativeCommandError
 
e: file:///C:/Users/aritr/AndroidStudioProjects/Chat_Final_App/app/src/main/jav
a/aritra/seal/new_chat/ui/adapter/StoryAdapter.kt:18:40 Unresolved reference: 
UserStory
e: file:///C:/Users/aritr/AndroidStudioProjects/Chat_Final_App/app/src/main/jav
a/aritra/seal/new_chat/ui/adapter/StoryAdapter.kt:26:29 Unresolved reference: 
UserStory
e: file:///C:/Users/aritr/AndroidStudioProjects/Chat_Final_App/app/src/main/jav
a/aritra/seal/new_chat/ui/chat/ChatScreen.kt:96:44 Cannot infer a type for 
this parameter. Please specify it explicitly.
e: file:///C:/Users/aritr/AndroidStudioProjects/Chat_Final_App/app/src/main/jav
a/aritra/seal/new_chat/ui/main/MainActivity.kt:77:64 Cannot infer a type for 
this parameter. Please specify it explicitly.
e: file:///C:/Users/aritr/AndroidStudioProjects/Chat_Final_App/app/src/main/jav
a/aritra/seal/new_chat/ui/main/MainActivity.kt:79:17 Overload resolution 
ambiguity: 
public open fun putExtra(p0: String!, p1: Bundle?): Intent defined in 
android.content.Intent
public open fun putExtra(p0: String!, p1: Parcelable?): Intent defined in 
android.content.Intent
public open fun putExtra(p0: String!, p1: Serializable?): Intent defined in 
android.content.Intent
public open fun putExtra(p0: String!, p1: Array<(out) Parcelable!>?): Intent 
defined in android.content.Intent
public open fun putExtra(p0: String!, p1: Array<(out) CharSequence!>?): Intent 
defined in android.content.Intent
public open fun putExtra(p0: String!, p1: Array<(out) String!>?): Intent 
defined in android.content.Intent
public open fun putExtra(p0: String!, p1: Boolean): Intent defined in 
android.content.Intent
public open fun putExtra(p0: String!, p1: BooleanArray?): Intent defined in 
android.content.Intent
public open fun putExtra(p0: String!, p1: Byte): Intent defined in 
android.content.Intent
public open fun putExtra(p0: String!, p1: ByteArray?): Intent defined in 
android.content.Intent
public open fun putExtra(p0: String!, p1: Char): Intent defined in 
android.content.Intent
public open fun putExtra(p0: String!, p1: CharArray?): Intent defined in 
android.content.Intent
public open fun putExtra(p0: String!, p1: CharSequence?): Intent defined in 
android.content.Intent
public open fun putExtra(p0: String!, p1: Double): Intent defined in 
android.content.Intent
public open fun putExtra(p0: String!, p1: DoubleArray?): Intent defined in 
android.content.Intent
public open fun putExtra(p0: String!, p1: Float): Intent defined in 
android.content.Intent
public open fun putExtra(p0: String!, p1: FloatArray?): Intent defined in 
android.content.Intent
public open fun putExtra(p0: String!, p1: Int): Intent defined in 
android.content.Intent
public open fun putExtra(p0: String!, p1: IntArray?): Intent defined in 
android.content.Intent
public open fun putExtra(p0: String!, p1: Long): Intent defined in 
android.content.Intent
public open fun putExtra(p0: String!, p1: LongArray?): Intent defined in 
android.content.Intent
public open fun putExtra(p0: String!, p1: Short): Intent defined in 
android.content.Intent
public open fun putExtra(p0: String!, p1: ShortArray?): Intent defined in 
android.content.Intent
public open fun putExtra(p0: String!, p1: String?): Intent defined in 
android.content.Intent
e: file:///C:/Users/aritr/AndroidStudioProjects/Chat_Final_App/app/src/main/jav
a/aritra/seal/new_chat/ui/main/MainActivity.kt:123:48 Unresolved reference: 
ProfileEditActivity
e: file:///C:/Users/aritr/AndroidStudioProjects/Chat_Final_App/app/src/main/jav
a/aritra/seal/new_chat/ui/main/MainActivity.kt:132:43 Cannot infer a type for 
this parameter. Please specify it explicitly.
e: file:///C:/Users/aritr/AndroidStudioProjects/Chat_Final_App/app/src/main/jav
a/aritra/seal/new_chat/ui/main/MainActivity.kt:136:76 Cannot infer a type for 
this parameter. Please specify it explicitly.
e: file:///C:/Users/aritr/AndroidStudioProjects/Chat_Final_App/app/src/main/jav
a/aritra/seal/new_chat/ui/main/MainActivity.kt:138:21 Overload resolution 
ambiguity: 
public open fun putExtra(p0: String!, p1: Bundle?): Intent defined in 
android.content.Intent
public open fun putExtra(p0: String!, p1: Parcelable?): Intent defined in 
android.content.Intent
public open fun putExtra(p0: String!, p1: Serializable?): Intent defined in 
android.content.Intent
public open fun putExtra(p0: String!, p1: Array<(out) Parcelable!>?): Intent 
defined in android.content.Intent
public open fun putExtra(p0: String!, p1: Array<(out) CharSequence!>?): Intent 
defined in android.content.Intent
public open fun putExtra(p0: String!, p1: Array<(out) String!>?): Intent 
defined in android.content.Intent
public open fun putExtra(p0: String!, p1: Boolean): Intent defined in 
android.content.Intent
public open fun putExtra(p0: String!, p1: BooleanArray?): Intent defined in 
android.content.Intent
public open fun putExtra(p0: String!, p1: Byte): Intent defined in 
android.content.Intent
public open fun putExtra(p0: String!, p1: ByteArray?): Intent defined in 
android.content.Intent
public open fun putExtra(p0: String!, p1: Char): Intent defined in 
android.content.Intent
public open fun putExtra(p0: String!, p1: CharArray?): Intent defined in 
android.content.Intent
public open fun putExtra(p0: String!, p1: CharSequence?): Intent defined in 
android.content.Intent
public open fun putExtra(p0: String!, p1: Double): Intent defined in 
android.content.Intent
public open fun putExtra(p0: String!, p1: DoubleArray?): Intent defined in 
android.content.Intent
public open fun putExtra(p0: String!, p1: Float): Intent defined in 
android.content.Intent
public open fun putExtra(p0: String!, p1: FloatArray?): Intent defined in 
android.content.Intent
public open fun putExtra(p0: String!, p1: Int): Intent defined in 
android.content.Intent
public open fun putExtra(p0: String!, p1: IntArray?): Intent defined in 
android.content.Intent
public open fun putExtra(p0: String!, p1: Long): Intent defined in 
android.content.Intent
public open fun putExtra(p0: String!, p1: LongArray?): Intent defined in 
android.content.Intent
public open fun putExtra(p0: String!, p1: Short): Intent defined in 
android.content.Intent
public open fun putExtra(p0: String!, p1: ShortArray?): Intent defined in 
android.content.Intent
public open fun putExtra(p0: String!, p1: String?): Intent defined in 
android.content.Intent
e: file:///C:/Users/aritr/AndroidStudioProjects/Chat_Final_App/app/src/main/jav
a/aritra/seal/new_chat/ui/main/MainActivity.kt:145:41 Cannot infer a type for 
this parameter. Please specify it explicitly.
e: file:///C:/Users/aritr/AndroidStudioProjects/Chat_Final_App/app/src/main/jav
a/aritra/seal/new_chat/ui/story/StoryUploadActivity.kt:69:37 Unresolved 
reference: Story
e: file:///C:/Users/aritr/AndroidStudioProjects/Chat_Final_App/app/src/main/jav
a/aritra/seal/new_chat/ui/story/StoryViewerActivity.kt:26:35 Unresolved 
reference: UserStory
e: file:///C:/Users/aritr/AndroidStudioProjects/Chat_Final_App/app/src/main/jav
a/aritra/seal/new_chat/ui/story/StoryViewerActivity.kt:47:74 Unresolved 
reference: UserStory
e: file:///C:/Users/aritr/AndroidStudioProjects/Chat_Final_App/app/src/main/jav
a/aritra/seal/new_chat/ui/story/StoryViewerActivity.kt:50:33 Cannot infer a 
type for this parameter. Please specify it explicitly.
e: file:///C:/Users/aritr/AndroidStudioProjects/Chat_Final_App/app/src/main/jav
a/aritra/seal/new_chat/ui/story/StoryViewerActivity.kt:58:62 Unresolved 
reference: it
e: file:///C:/Users/aritr/AndroidStudioProjects/Chat_Final_App/app/src/main/jav
a/aritra/seal/new_chat/ui/story/StoryViewerActivity.kt:59:63 Unresolved 
reference: it
e: file:///C:/Users/aritr/AndroidStudioProjects/Chat_Final_App/app/src/main/jav
a/aritra/seal/new_chat/ui/story/StoryViewerActivity.kt:60:27 Unresolved 
reference: it
e: file:///C:/Users/aritr/AndroidStudioProjects/Chat_Final_App/app/src/main/jav
a/aritra/seal/new_chat/ui/story/StoryViewerActivity.kt:80:34 Unresolved 
reference: Story
e: file:///C:/Users/aritr/AndroidStudioProjects/Chat_Final_App/app/src/main/jav
a/aritra/seal/new_chat/ui/story/StoryViewerActivity.kt:102:33 Cannot infer a 
type for this parameter. Please specify it explicitly.
e: file:///C:/Users/aritr/AndroidStudioProjects/Chat_Final_App/app/src/main/jav
a/aritra/seal/new_chat/ui/story/StoryViewerActivity.kt:116:27 Unresolved 
reference: it
e: file:///C:/Users/aritr/AndroidStudioProjects/Chat_Final_App/app/src/main/jav
a/aritra/seal/new_chat/ui/story/StoryViewerActivity.kt:125:42 Unresolved 
reference: Story
e: file:///C:/Users/aritr/AndroidStudioProjects/Chat_Final_App/app/src/main/jav
a/aritra/seal/new_chat/ui/story/StoryViewerActivity.kt:135:17 Unresolved 
reference: StoryView
e: file:///C:/Users/aritr/AndroidStudioProjects/Chat_Final_App/app/src/main/jav
a/aritra/seal/new_chat/viewmodel/AuthViewModel.kt:8:40 Unresolved reference: 
AuthRepository
e: file:///C:/Users/aritr/AndroidStudioProjects/Chat_Final_App/app/src/main/jav
a/aritra/seal/new_chat/viewmodel/AuthViewModel.kt:14:30 Unresolved reference: 
AuthRepository
e: file:///C:/Users/aritr/AndroidStudioProjects/Chat_Final_App/app/src/main/jav
a/aritra/seal/new_chat/viewmodel/ChatViewModel.kt:7:40 Unresolved reference: 
ChatRepository
e: file:///C:/Users/aritr/AndroidStudioProjects/Chat_Final_App/app/src/main/jav
a/aritra/seal/new_chat/viewmodel/ChatViewModel.kt:8:40 Unresolved reference: 
MessageChange
e: file:///C:/Users/aritr/AndroidStudioProjects/Chat_Final_App/app/src/main/jav
a/aritra/seal/new_chat/viewmodel/ChatViewModel.kt:14:30 Unresolved reference: 
ChatRepository
e: file:///C:/Users/aritr/AndroidStudioProjects/Chat_Final_App/app/src/main/jav
a/aritra/seal/new_chat/viewmodel/ChatViewModel.kt:18:50 Unresolved reference: 
Message
e: file:///C:/Users/aritr/AndroidStudioProjects/Chat_Final_App/app/src/main/jav
a/aritra/seal/new_chat/viewmodel/ChatViewModel.kt:19:33 Unresolved reference: 
Message
e: file:///C:/Users/aritr/AndroidStudioProjects/Chat_Final_App/app/src/main/jav
a/aritra/seal/new_chat/viewmodel/ChatViewModel.kt:22:52 Unresolved reference: 
Message
e: file:///C:/Users/aritr/AndroidStudioProjects/Chat_Final_App/app/src/main/jav
a/aritra/seal/new_chat/viewmodel/ChatViewModel.kt:26:66 Cannot infer a type 
for this parameter. Please specify it explicitly.
e: file:///C:/Users/aritr/AndroidStudioProjects/Chat_Final_App/app/src/main/jav
a/aritra/seal/new_chat/viewmodel/ChatViewModel.kt:28:24 Unresolved reference: 
MessageChange
e: file:///C:/Users/aritr/AndroidStudioProjects/Chat_Final_App/app/src/main/jav
a/aritra/seal/new_chat/viewmodel/ChatViewModel.kt:30:55 Unresolved reference: 
it
e: file:///C:/Users/aritr/AndroidStudioProjects/Chat_Final_App/app/src/main/jav
a/aritra/seal/new_chat/viewmodel/ChatViewModel.kt:48:24 Unresolved reference: 
MessageChange
e: file:///C:/Users/aritr/AndroidStudioProjects/Chat_Final_App/app/src/main/jav
a/aritra/seal/new_chat/viewmodel/ChatViewModel.kt:49:71 Unresolved reference: 
it
e: file:///C:/Users/aritr/AndroidStudioProjects/Chat_Final_App/app/src/main/jav
a/aritra/seal/new_chat/viewmodel/ChatViewModel.kt:58:24 Unresolved reference: 
MessageChange
e: file:///C:/Users/aritr/AndroidStudioProjects/Chat_Final_App/app/src/main/jav
a/aritra/seal/new_chat/viewmodel/ChatViewModel.kt:59:71 Unresolved reference: 
it
e: file:///C:/Users/aritr/AndroidStudioProjects/Chat_Final_App/app/src/main/jav
a/aritra/seal/new_chat/viewmodel/ChatViewModel.kt:75:27 Unresolved reference: 
Message
e: file:///C:/Users/aritr/AndroidStudioProjects/Chat_Final_App/app/src/main/jav
a/aritra/seal/new_chat/viewmodel/MainViewModel.kt:7:40 Unresolved reference: 
MainRepository
e: file:///C:/Users/aritr/AndroidStudioProjects/Chat_Final_App/app/src/main/jav
a/aritra/seal/new_chat/viewmodel/MainViewModel.kt:12:30 Unresolved reference: 
MainRepository
e: file:///C:/Users/aritr/AndroidStudioProjects/Chat_Final_App/app/src/main/jav
a/aritra/seal/new_chat/viewmodel/MainViewModel.kt:14:49 Unresolved reference: 
UserStory
e: file:///C:/Users/aritr/AndroidStudioProjects/Chat_Final_App/app/src/main/jav
a/aritra/seal/new_chat/viewmodel/MainViewModel.kt:15:32 Unresolved reference: 
UserStory
e: file:///C:/Users/aritr/AndroidStudioProjects/Chat_Final_App/app/src/main/jav
a/aritra/seal/new_chat/viewmodel/MainViewModel.kt:17:47 Unresolved reference: 
User
e: file:///C:/Users/aritr/AndroidStudioProjects/Chat_Final_App/app/src/main/jav
a/aritra/seal/new_chat/viewmodel/MainViewModel.kt:18:30 Unresolved reference: 
User
e: file:///C:/Users/aritr/AndroidStudioProjects/Chat_Final_App/app/src/main/jav
a/aritra/seal/new_chat/viewmodel/MainViewModel.kt:43:51 Cannot infer a type 
for this parameter. Please specify it explicitly.
e: file:///C:/Users/aritr/AndroidStudioProjects/Chat_Final_App/app/src/main/jav
a/aritra/seal/new_chat/viewmodel/MainViewModel.kt:51:66 Cannot infer a type 
for this parameter. Please specify it explicitly.
e: file:///C:/Users/aritr/AndroidStudioProjects/Chat_Final_App/app/src/main/jav
a/aritra/seal/new_chat/viewmodel/MainViewModel.kt:58:50 Cannot infer a type 
for this parameter. Please specify it explicitly.

> Task :app:compileDebugKotlin FAILED
[Incubating] Problems report is available at: file:///C:/Users/aritr/AndroidStudioProjects/Chat_Final_App/build/reports/problems/problems-report.html

FAILURE: Build failed with an exception.

* What went wrong:
Execution failed for task ':app:compileDebugKotlin'.
> A failure occurred while executing org.jetbrains.kotlin.compilerRunner.Gradle
CompilerRunnerWithWorkers$GradleKotlinCompilerWorkAction
   > Compilation error. See log for more details

* Try:
> Run with --stacktrace option to get the stack trace.
> Run with --info or --debug option to get more log output.
> Run with --scan to get full insights.
> Get more help at https://help.gradle.org.

Deprecated Gradle features were used in this build, making it incompatible with Gradle 9.0.

You can use '--warning-mode all' to show the individual deprecation warnings and determine if they come from your own scripts or plugins.

For more on this, please refer to https://docs.gradle.org/8.11.1/userguide/command_line_interface.html#sec:command_line_warnings in the Gradle documentation.

BUILD FAILED in 22s
31 actionable tasks: 2 executed, 29 up-to-date
